parmake_sub_02: started pmake_worker()
parmake_sub_02: Listening for job
parmake_sub_02: Could not receive anything.
parmake_sub_02: Listening for job
parmake_sub_02: Could not receive anything.
parmake_sub_02: Listening for job
parmake_sub_02: Could not receive anything.
parmake_sub_02: Listening for job
parmake_sub_02: Could not receive anything.
parmake_sub_02: Listening for job
parmake_sub_02: Could not receive anything.
parmake_sub_02: Listening for job
parmake_sub_02: Could not receive anything.
parmake_sub_02: Listening for job
parmake_sub_02: Could not receive anything.
parmake_sub_02: Listening for job
parmake_sub_02: Could not receive anything.
parmake_sub_02: Listening for job
parmake_sub_02: Could not receive anything.
parmake_sub_02: Listening for job
parmake_sub_02: Could not receive anything.
parmake_sub_02: Listening for job
parmake_sub_02: Could not receive anything.
parmake_sub_02: Listening for job
parmake_sub_02: Could not receive anything.
parmake_sub_02: Listening for job
parmake_sub_02: Could not receive anything.
parmake_sub_02: Listening for job
parmake_sub_02: Could not receive anything.
parmake_sub_02: Listening for job
parmake_sub_02: Received EXIT_TOKEN.
parmake_sub_02: saving coverage
parmake_sub_02: saved coverage
parmake_sub_02: clean exit.
