parmake_sub_03: started pmake_worker()
parmake_sub_03: Listening for job
parmake_sub_03: Could not receive anything.
parmake_sub_03: Listening for job
parmake_sub_03: Could not receive anything.
parmake_sub_03: Listening for job
parmake_sub_03: Could not receive anything.
parmake_sub_03: Listening for job
parmake_sub_03: Could not receive anything.
parmake_sub_03: Listening for job
parmake_sub_03: Could not receive anything.
parmake_sub_03: Listening for job
parmake_sub_03: Could not receive anything.
parmake_sub_03: Listening for job
parmake_sub_03: Could not receive anything.
parmake_sub_03: Listening for job
parmake_sub_03: Could not receive anything.
parmake_sub_03: Listening for job
parmake_sub_03: Could not receive anything.
parmake_sub_03: Listening for job
parmake_sub_03: Could not receive anything.
parmake_sub_03: Listening for job
parmake_sub_03: Could not receive anything.
parmake_sub_03: Listening for job
parmake_sub_03: Could not receive anything.
parmake_sub_03: Listening for job
parmake_sub_03: Could not receive anything.
parmake_sub_03: Listening for job
parmake_sub_03: Could not receive anything.
parmake_sub_03: Listening for job
parmake_sub_03: Received EXIT_TOKEN.
parmake_sub_03: saving coverage
parmake_sub_03: saved coverage
parmake_sub_03: clean exit.
