parmake_sub_07: started pmake_worker()
parmake_sub_07: Listening for job
parmake_sub_07: Could not receive anything.
parmake_sub_07: Listening for job
parmake_sub_07: Could not receive anything.
parmake_sub_07: Listening for job
parmake_sub_07: Could not receive anything.
parmake_sub_07: Listening for job
parmake_sub_07: Could not receive anything.
parmake_sub_07: Listening for job
parmake_sub_07: Could not receive anything.
parmake_sub_07: Listening for job
parmake_sub_07: Could not receive anything.
parmake_sub_07: Listening for job
parmake_sub_07: Could not receive anything.
parmake_sub_07: Listening for job
parmake_sub_07: Could not receive anything.
parmake_sub_07: Listening for job
parmake_sub_07: Could not receive anything.
parmake_sub_07: Listening for job
parmake_sub_07: Could not receive anything.
parmake_sub_07: Listening for job
parmake_sub_07: Could not receive anything.
parmake_sub_07: Listening for job
parmake_sub_07: Could not receive anything.
parmake_sub_07: Listening for job
parmake_sub_07: Could not receive anything.
parmake_sub_07: Listening for job
parmake_sub_07: Could not receive anything.
parmake_sub_07: Listening for job
parmake_sub_07: Received EXIT_TOKEN.
parmake_sub_07: saving coverage
parmake_sub_07: saved coverage
parmake_sub_07: clean exit.
