parmake_sub_00: started pmake_worker()
parmake_sub_00: Listening for job
parmake_sub_00: got job: (<function parmake_job2 at 0x7fbfc3c71af0>, ('_dynreports_create_index', <compmake.context.Context object at 0x7fbf8aa91a60>, 'q-140460655548208-9286', True, '/out-docker/exercise3/compmake/parmake_job2_logs'))
parmake_sub_00: result: {'user_object': None, 'user_object_deps': set(), 'new_jobs': {'exercise3-UniformCostSearch0-GreedyBestFirst1-Astar2-UniformCostSearch3-GreedyBestFirst4-Astar5-exercise3_report-write', 'exercise3-UniformCostSearch0-GreedyBestFirst1-Astar2-UniformCostSearch3-GreedyBestFirst4-Astar5-UniformCostSearch6-exercise3_report-write', 'exercise3-UniformCostSearch0-exercise3_report-write', 'exercise3-UniformCostSearch0-GreedyBestFirst1-Astar2-UniformCostSearch3-GreedyBestFirst4-exercise3_report-write', 'exercise3-UniformCostSearch0-GreedyBestFirst1-Astar2-UniformCostSearch3-GreedyBestFirst4-Astar5-UniformCostSearch6-GreedyBestFirst7-exercise3_report-write', 'exercise3-UniformCostSearch0-GreedyBestFirst1-Astar2-UniformCostSearch3-exercise3_report-write', 'exercise3-UniformCostSearch0-GreedyBestFirst1-exercise3_report-write', 'exercise3-UniformCostSearch0-GreedyBestFirst1-Astar2-exercise3_report-write', 'exercise3-UniformCostSearch0-GreedyBestFirst1-Astar2-UniformCostSearch3-GreedyBestFirst4-Astar5-UniformCostSearch6-GreedyBestFirst7-Astar8-exercise3_report-write'}, 'deleted_jobs': set()}
parmake_sub_00: putting result in result_queue..
parmake_sub_00: (done)
parmake_sub_00: ...done.
parmake_sub_00: Listening for job
parmake_sub_00: got job: (<function parmake_job2 at 0x7fbfc3c71af0>, ('exercise3-UniformCostSearch0-GreedyBestFirst1-exercise3_report', <compmake.context.Context object at 0x7fbf8b4f5f70>, 'q-140460655548208-9286', True, '/out-docker/exercise3/compmake/parmake_job2_logs'))
parmake_sub_00: result: {'user_object': None, 'user_object_deps': set(), 'new_jobs': [], 'deleted_jobs': set()}
parmake_sub_00: putting result in result_queue..
parmake_sub_00: (done)
parmake_sub_00: ...done.
parmake_sub_00: Listening for job
parmake_sub_00: got job: (<function parmake_job2 at 0x7fbfc3c71af0>, ('exercise3-UniformCostSearch0-GreedyBestFirst1-exercise3_report-write', <compmake.context.Context object at 0x7fbf8aa91a60>, 'q-140460655548208-9286', True, '/out-docker/exercise3/compmake/parmake_job2_logs'))
parmake_sub_00: result: {'user_object': None, 'user_object_deps': set(), 'new_jobs': [], 'deleted_jobs': set()}
parmake_sub_00: putting result in result_queue..
parmake_sub_00: (done)
parmake_sub_00: ...done.
parmake_sub_00: Listening for job
parmake_sub_00: got job: (<function parmake_job2 at 0x7fbfc3c71af0>, ('exercise3-UniformCostSearch0-GreedyBestFirst1-Astar2-UniformCostSearch3-GreedyBestFirst4-Astar5-exercise3_report-write', <compmake.context.Context object at 0x7fbf8bd1f4c0>, 'q-140460655548208-9286', True, '/out-docker/exercise3/compmake/parmake_job2_logs'))
parmake_sub_00: result: {'user_object': None, 'user_object_deps': set(), 'new_jobs': [], 'deleted_jobs': set()}
parmake_sub_00: putting result in result_queue..
parmake_sub_00: (done)
parmake_sub_00: ...done.
parmake_sub_00: Listening for job
parmake_sub_00: got job: (<function parmake_job2 at 0x7fbfc3c71af0>, ('exercise3-UniformCostSearch0-GreedyBestFirst1-Astar2-UniformCostSearch3-GreedyBestFirst4-exercise3_report-write', <compmake.context.Context object at 0x7fbf8bd1f6a0>, 'q-140460655548208-9286', True, '/out-docker/exercise3/compmake/parmake_job2_logs'))
parmake_sub_00: result: {'user_object': None, 'user_object_deps': set(), 'new_jobs': [], 'deleted_jobs': set()}
parmake_sub_00: putting result in result_queue..
parmake_sub_00: (done)
parmake_sub_00: ...done.
parmake_sub_00: Listening for job
parmake_sub_00: got job: (<function parmake_job2 at 0x7fbfc3c71af0>, ('exercise3-UniformCostSearch0-GreedyBestFirst1-Astar2-UniformCostSearch3-exercise3_report-write', <compmake.context.Context object at 0x7fbf8ba44370>, 'q-140460655548208-9286', True, '/out-docker/exercise3/compmake/parmake_job2_logs'))
parmake_sub_00: result: {'user_object': None, 'user_object_deps': set(), 'new_jobs': [], 'deleted_jobs': set()}
parmake_sub_00: putting result in result_queue..
parmake_sub_00: (done)
parmake_sub_00: ...done.
parmake_sub_00: Listening for job
parmake_sub_00: got job: (<function parmake_job2 at 0x7fbfc3c71af0>, ('exercise3-UniformCostSearch0-GreedyBestFirst1-Astar2-UniformCostSearch3-GreedyBestFirst4-Astar5-UniformCostSearch6-GreedyBestFirst7-exercise3_report-write', <compmake.context.Context object at 0x7fbf8aa91730>, 'q-140460655548208-9286', True, '/out-docker/exercise3/compmake/parmake_job2_logs'))
parmake_sub_00: result: {'user_object': None, 'user_object_deps': set(), 'new_jobs': [], 'deleted_jobs': set()}
parmake_sub_00: putting result in result_queue..
parmake_sub_00: (done)
parmake_sub_00: ...done.
parmake_sub_00: Listening for job
