parmake_sub_01: started pmake_worker()
parmake_sub_01: Listening for job
parmake_sub_01: got job: (<function parmake_job2 at 0x7fbfc3c71af0>, ('exercise3-UniformCostSearch0-GreedyBestFirst1-Astar2-algo_placeholder', <compmake.context.Context object at 0x7fbf8aa91250>, 'q-140460655548208-9286', True, '/out-docker/exercise3/compmake/parmake_job2_logs'))
parmake_sub_01: result: {'user_object': None, 'user_object_deps': set(), 'new_jobs': [], 'deleted_jobs': set()}
parmake_sub_01: putting result in result_queue..
parmake_sub_01: (done)
parmake_sub_01: ...done.
parmake_sub_01: Listening for job
parmake_sub_01: got job: (<function parmake_job2 at 0x7fbfc3c71af0>, ('exercise3-UniformCostSearch0-GreedyBestFirst1-Astar2-UniformCostSearch3-GreedyBestFirst4-Astar5-UniformCostSearch6-algo_placeholder', <compmake.context.Context object at 0x7fbf8b4f5430>, 'q-140460655548208-9286', True, '/out-docker/exercise3/compmake/parmake_job2_logs'))
parmake_sub_01: result: {'user_object': None, 'user_object_deps': set(), 'new_jobs': [], 'deleted_jobs': set()}
parmake_sub_01: putting result in result_queue..
parmake_sub_01: (done)
parmake_sub_01: ...done.
parmake_sub_01: Listening for job
parmake_sub_01: got job: (<function parmake_job2 at 0x7fbfc3c71af0>, ('exercise3-UniformCostSearch0-GreedyBestFirst1-Astar2-UniformCostSearch3-GreedyBestFirst4-Astar5-UniformCostSearch6-exercise3_report', <compmake.context.Context object at 0x7fbf8aa91250>, 'q-140460655548208-9286', True, '/out-docker/exercise3/compmake/parmake_job2_logs'))
parmake_sub_01: result: {'user_object': None, 'user_object_deps': set(), 'new_jobs': [], 'deleted_jobs': set()}
parmake_sub_01: putting result in result_queue..
parmake_sub_01: (done)
parmake_sub_01: ...done.
parmake_sub_01: Listening for job
parmake_sub_01: got job: (<function parmake_job2 at 0x7fbfc3c71af0>, ('exercise3-UniformCostSearch0-GreedyBestFirst1-Astar2-UniformCostSearch3-GreedyBestFirst4-Astar5-UniformCostSearch6-exercise3_report-write', <compmake.context.Context object at 0x7fbf8b4f52e0>, 'q-140460655548208-9286', True, '/out-docker/exercise3/compmake/parmake_job2_logs'))
parmake_sub_01: result: {'user_object': None, 'user_object_deps': set(), 'new_jobs': [], 'deleted_jobs': set()}
parmake_sub_01: putting result in result_queue..
parmake_sub_01: (done)
parmake_sub_01: ...done.
parmake_sub_01: Listening for job
parmake_sub_01: Received EXIT_TOKEN.
parmake_sub_01: saving coverage
parmake_sub_01: saved coverage
parmake_sub_01: clean exit.
