parmake_sub_05: started pmake_worker()
parmake_sub_05: Listening for job
parmake_sub_05: got job: (<function parmake_job2 at 0x7fbfc3c71af0>, ('exercise3-UniformCostSearch0-GreedyBestFirst1-Astar2-UniformCostSearch3-GreedyBestFirst4-algo_placeholder', <compmake.context.Context object at 0x7fbf8b057d90>, 'q-140460655548208-9286', True, '/out-docker/exercise3/compmake/parmake_job2_logs'))
parmake_sub_05: result: {'user_object': None, 'user_object_deps': set(), 'new_jobs': [], 'deleted_jobs': set()}
parmake_sub_05: putting result in result_queue..
parmake_sub_05: (done)
parmake_sub_05: ...done.
parmake_sub_05: Listening for job
parmake_sub_05: got job: (<function parmake_job2 at 0x7fbfc3c71af0>, ('exercise3-UniformCostSearch0-GreedyBestFirst1-Astar2-exercise3_report', <compmake.context.Context object at 0x7fbf8b72f7f0>, 'q-140460655548208-9286', True, '/out-docker/exercise3/compmake/parmake_job2_logs'))
parmake_sub_05: result: {'user_object': None, 'user_object_deps': set(), 'new_jobs': [], 'deleted_jobs': set()}
parmake_sub_05: putting result in result_queue..
parmake_sub_05: (done)
parmake_sub_05: ...done.
parmake_sub_05: Listening for job
parmake_sub_05: got job: (<function parmake_job2 at 0x7fbfc3c71af0>, ('exercise3-UniformCostSearch0-GreedyBestFirst1-Astar2-exercise3_report-write', <compmake.context.Context object at 0x7fbf8b057640>, 'q-140460655548208-9286', True, '/out-docker/exercise3/compmake/parmake_job2_logs'))
parmake_sub_05: result: {'user_object': None, 'user_object_deps': set(), 'new_jobs': [], 'deleted_jobs': set()}
parmake_sub_05: putting result in result_queue..
parmake_sub_05: (done)
parmake_sub_05: ...done.
parmake_sub_05: Listening for job
parmake_sub_05: got job: (<function parmake_job2 at 0x7fbfc3c71af0>, ('exercise3-UniformCostSearch0-GreedyBestFirst1-Astar2-UniformCostSearch3-GreedyBestFirst4-Astar5-UniformCostSearch6-GreedyBestFirst7-Astar8-exercise3_report-write', <compmake.context.Context object at 0x7fbf8be090a0>, 'q-140460655548208-9286', True, '/out-docker/exercise3/compmake/parmake_job2_logs'))
parmake_sub_05: result: {'user_object': None, 'user_object_deps': set(), 'new_jobs': [], 'deleted_jobs': set()}
parmake_sub_05: putting result in result_queue..
parmake_sub_05: (done)
parmake_sub_05: ...done.
parmake_sub_05: Listening for job
parmake_sub_05: Received EXIT_TOKEN.
parmake_sub_05: saving coverage
parmake_sub_05: saved coverage
parmake_sub_05: clean exit.
