parmake_sub_05: started pmake_worker()
parmake_sub_05: Listening for job
parmake_sub_05: Could not receive anything.
parmake_sub_05: Listening for job
parmake_sub_05: Could not receive anything.
parmake_sub_05: Listening for job
parmake_sub_05: Could not receive anything.
parmake_sub_05: Listening for job
parmake_sub_05: Could not receive anything.
parmake_sub_05: Listening for job
parmake_sub_05: Could not receive anything.
parmake_sub_05: Listening for job
parmake_sub_05: Could not receive anything.
parmake_sub_05: Listening for job
parmake_sub_05: Could not receive anything.
parmake_sub_05: Listening for job
parmake_sub_05: Could not receive anything.
parmake_sub_05: Listening for job
parmake_sub_05: Could not receive anything.
parmake_sub_05: Listening for job
parmake_sub_05: Could not receive anything.
parmake_sub_05: Listening for job
parmake_sub_05: Could not receive anything.
parmake_sub_05: Listening for job
parmake_sub_05: Could not receive anything.
parmake_sub_05: Listening for job
parmake_sub_05: Could not receive anything.
parmake_sub_05: Listening for job
parmake_sub_05: Could not receive anything.
parmake_sub_05: Listening for job
parmake_sub_05: Could not receive anything.
parmake_sub_05: Listening for job
parmake_sub_05: Could not receive anything.
parmake_sub_05: Listening for job
parmake_sub_05: Could not receive anything.
parmake_sub_05: Listening for job
parmake_sub_05: Could not receive anything.
parmake_sub_05: Listening for job
parmake_sub_05: Could not receive anything.
parmake_sub_05: Listening for job
parmake_sub_05: Could not receive anything.
parmake_sub_05: Listening for job
parmake_sub_05: Could not receive anything.
parmake_sub_05: Listening for job
parmake_sub_05: Could not receive anything.
parmake_sub_05: Listening for job
parmake_sub_05: Could not receive anything.
parmake_sub_05: Listening for job
parmake_sub_05: Could not receive anything.
parmake_sub_05: Listening for job
parmake_sub_05: Could not receive anything.
parmake_sub_05: Listening for job
parmake_sub_05: Could not receive anything.
parmake_sub_05: Listening for job
parmake_sub_05: Could not receive anything.
parmake_sub_05: Listening for job
parmake_sub_05: Could not receive anything.
parmake_sub_05: Listening for job
parmake_sub_05: Could not receive anything.
parmake_sub_05: Listening for job
parmake_sub_05: Could not receive anything.
parmake_sub_05: Listening for job
parmake_sub_05: Could not receive anything.
parmake_sub_05: Listening for job
parmake_sub_05: Could not receive anything.
parmake_sub_05: Listening for job
parmake_sub_05: Could not receive anything.
parmake_sub_05: Listening for job
parmake_sub_05: Could not receive anything.
parmake_sub_05: Listening for job
parmake_sub_05: Could not receive anything.
parmake_sub_05: Listening for job
parmake_sub_05: Could not receive anything.
parmake_sub_05: Listening for job
parmake_sub_05: Could not receive anything.
parmake_sub_05: Listening for job
parmake_sub_05: Could not receive anything.
parmake_sub_05: Listening for job
parmake_sub_05: Could not receive anything.
parmake_sub_05: Listening for job
parmake_sub_05: Could not receive anything.
parmake_sub_05: Listening for job
parmake_sub_05: Could not receive anything.
parmake_sub_05: Listening for job
parmake_sub_05: Could not receive anything.
parmake_sub_05: Listening for job
parmake_sub_05: Could not receive anything.
parmake_sub_05: Listening for job
parmake_sub_05: Could not receive anything.
parmake_sub_05: Listening for job
parmake_sub_05: Could not receive anything.
parmake_sub_05: Listening for job
parmake_sub_05: Could not receive anything.
parmake_sub_05: Listening for job
parmake_sub_05: Could not receive anything.
parmake_sub_05: Listening for job
parmake_sub_05: Could not receive anything.
parmake_sub_05: Listening for job
parmake_sub_05: Could not receive anything.
parmake_sub_05: Listening for job
parmake_sub_05: Could not receive anything.
parmake_sub_05: Listening for job
parmake_sub_05: Could not receive anything.
parmake_sub_05: Listening for job
parmake_sub_05: Could not receive anything.
parmake_sub_05: Listening for job
parmake_sub_05: Could not receive anything.
parmake_sub_05: Listening for job
parmake_sub_05: Could not receive anything.
parmake_sub_05: Listening for job
parmake_sub_05: Could not receive anything.
parmake_sub_05: Listening for job
parmake_sub_05: Could not receive anything.
parmake_sub_05: Listening for job
parmake_sub_05: Could not receive anything.
parmake_sub_05: Listening for job
parmake_sub_05: Could not receive anything.
parmake_sub_05: Listening for job
parmake_sub_05: Could not receive anything.
parmake_sub_05: Listening for job
parmake_sub_05: Could not receive anything.
parmake_sub_05: Listening for job
parmake_sub_05: Could not receive anything.
parmake_sub_05: Listening for job
parmake_sub_05: Could not receive anything.
parmake_sub_05: Listening for job
parmake_sub_05: Could not receive anything.
parmake_sub_05: Listening for job
parmake_sub_05: Could not receive anything.
parmake_sub_05: Listening for job
parmake_sub_05: Could not receive anything.
parmake_sub_05: Listening for job
parmake_sub_05: Could not receive anything.
parmake_sub_05: Listening for job
parmake_sub_05: Could not receive anything.
parmake_sub_05: Listening for job
parmake_sub_05: Could not receive anything.
parmake_sub_05: Listening for job
parmake_sub_05: Could not receive anything.
parmake_sub_05: Listening for job
parmake_sub_05: Could not receive anything.
parmake_sub_05: Listening for job
parmake_sub_05: Could not receive anything.
parmake_sub_05: Listening for job
parmake_sub_05: Could not receive anything.
parmake_sub_05: Listening for job
parmake_sub_05: Could not receive anything.
parmake_sub_05: Listening for job
parmake_sub_05: Could not receive anything.
parmake_sub_05: Listening for job
parmake_sub_05: Could not receive anything.
parmake_sub_05: Listening for job
parmake_sub_05: Could not receive anything.
parmake_sub_05: Listening for job
parmake_sub_05: Could not receive anything.
parmake_sub_05: Listening for job
parmake_sub_05: Could not receive anything.
parmake_sub_05: Listening for job
parmake_sub_05: Could not receive anything.
parmake_sub_05: Listening for job
parmake_sub_05: Could not receive anything.
parmake_sub_05: Listening for job
parmake_sub_05: Could not receive anything.
parmake_sub_05: Listening for job
parmake_sub_05: Could not receive anything.
parmake_sub_05: Listening for job
parmake_sub_05: Could not receive anything.
parmake_sub_05: Listening for job
parmake_sub_05: Could not receive anything.
parmake_sub_05: Listening for job
parmake_sub_05: Could not receive anything.
parmake_sub_05: Listening for job
parmake_sub_05: Could not receive anything.
parmake_sub_05: Listening for job
parmake_sub_05: Could not receive anything.
parmake_sub_05: Listening for job
parmake_sub_05: Could not receive anything.
parmake_sub_05: Listening for job
parmake_sub_05: Could not receive anything.
parmake_sub_05: Listening for job
parmake_sub_05: Could not receive anything.
parmake_sub_05: Listening for job
parmake_sub_05: Could not receive anything.
parmake_sub_05: Listening for job
parmake_sub_05: Could not receive anything.
parmake_sub_05: Listening for job
parmake_sub_05: Could not receive anything.
parmake_sub_05: Listening for job
parmake_sub_05: Could not receive anything.
parmake_sub_05: Listening for job
parmake_sub_05: Could not receive anything.
parmake_sub_05: Listening for job
parmake_sub_05: Could not receive anything.
parmake_sub_05: Listening for job
parmake_sub_05: Could not receive anything.
parmake_sub_05: Listening for job
parmake_sub_05: Could not receive anything.
parmake_sub_05: Listening for job
parmake_sub_05: Could not receive anything.
parmake_sub_05: Listening for job
parmake_sub_05: Could not receive anything.
parmake_sub_05: Listening for job
parmake_sub_05: Could not receive anything.
parmake_sub_05: Listening for job
parmake_sub_05: Could not receive anything.
parmake_sub_05: Listening for job
parmake_sub_05: Could not receive anything.
parmake_sub_05: Listening for job
parmake_sub_05: Could not receive anything.
parmake_sub_05: Listening for job
parmake_sub_05: Could not receive anything.
parmake_sub_05: Listening for job
parmake_sub_05: Could not receive anything.
parmake_sub_05: Listening for job
parmake_sub_05: Could not receive anything.
parmake_sub_05: Listening for job
parmake_sub_05: Could not receive anything.
parmake_sub_05: Listening for job
parmake_sub_05: Could not receive anything.
parmake_sub_05: Listening for job
parmake_sub_05: Could not receive anything.
parmake_sub_05: Listening for job
parmake_sub_05: Could not receive anything.
parmake_sub_05: Listening for job
parmake_sub_05: Could not receive anything.
parmake_sub_05: Listening for job
parmake_sub_05: Could not receive anything.
parmake_sub_05: Listening for job
parmake_sub_05: Received EXIT_TOKEN.
parmake_sub_05: saving coverage
parmake_sub_05: saved coverage
parmake_sub_05: clean exit.
