parmake_sub_01: started pmake_worker()
parmake_sub_01: Listening for job
parmake_sub_01: got job: (<function parmake_job2 at 0x7f4b72db8af0>, ('exercise4-ValueIteration0-algo_placeholder', <compmake.context.Context object at 0x7f4b3b192a30>, 'q-139961091074896-8906', True, '/out-docker/exercise4/compmake/parmake_job2_logs'))
parmake_sub_01: result: {'user_object': None, 'user_object_deps': set(), 'new_jobs': [], 'deleted_jobs': set()}
parmake_sub_01: putting result in result_queue..
parmake_sub_01: (done)
parmake_sub_01: ...done.
parmake_sub_01: Listening for job
parmake_sub_01: got job: (<function parmake_job2 at 0x7f4b72db8af0>, ('exercise4-ValueIteration0-exercise4_report', <compmake.context.Context object at 0x7f4b700a6f10>, 'q-139961091074896-8906', True, '/out-docker/exercise4/compmake/parmake_job2_logs'))
parmake_sub_01: result: {'user_object': None, 'user_object_deps': set(), 'new_jobs': [], 'deleted_jobs': set()}
parmake_sub_01: putting result in result_queue..
parmake_sub_01: (done)
parmake_sub_01: ...done.
parmake_sub_01: Listening for job
parmake_sub_01: Could not receive anything.
parmake_sub_01: Listening for job
parmake_sub_01: Could not receive anything.
parmake_sub_01: Listening for job
parmake_sub_01: Could not receive anything.
parmake_sub_01: Listening for job
parmake_sub_01: Could not receive anything.
parmake_sub_01: Listening for job
parmake_sub_01: Could not receive anything.
parmake_sub_01: Listening for job
parmake_sub_01: Could not receive anything.
parmake_sub_01: Listening for job
parmake_sub_01: Could not receive anything.
parmake_sub_01: Listening for job
parmake_sub_01: Could not receive anything.
parmake_sub_01: Listening for job
parmake_sub_01: Could not receive anything.
parmake_sub_01: Listening for job
parmake_sub_01: Could not receive anything.
parmake_sub_01: Listening for job
parmake_sub_01: Could not receive anything.
parmake_sub_01: Listening for job
parmake_sub_01: Could not receive anything.
parmake_sub_01: Listening for job
parmake_sub_01: Could not receive anything.
parmake_sub_01: Listening for job
parmake_sub_01: Could not receive anything.
parmake_sub_01: Listening for job
parmake_sub_01: Could not receive anything.
parmake_sub_01: Listening for job
parmake_sub_01: Could not receive anything.
parmake_sub_01: Listening for job
parmake_sub_01: Could not receive anything.
parmake_sub_01: Listening for job
parmake_sub_01: Could not receive anything.
parmake_sub_01: Listening for job
parmake_sub_01: Could not receive anything.
parmake_sub_01: Listening for job
parmake_sub_01: Could not receive anything.
parmake_sub_01: Listening for job
parmake_sub_01: Could not receive anything.
parmake_sub_01: Listening for job
parmake_sub_01: Could not receive anything.
parmake_sub_01: Listening for job
parmake_sub_01: Could not receive anything.
parmake_sub_01: Listening for job
parmake_sub_01: Could not receive anything.
parmake_sub_01: Listening for job
parmake_sub_01: Could not receive anything.
parmake_sub_01: Listening for job
parmake_sub_01: Could not receive anything.
parmake_sub_01: Listening for job
parmake_sub_01: Could not receive anything.
parmake_sub_01: Listening for job
parmake_sub_01: Could not receive anything.
parmake_sub_01: Listening for job
parmake_sub_01: Could not receive anything.
parmake_sub_01: Listening for job
parmake_sub_01: Could not receive anything.
parmake_sub_01: Listening for job
parmake_sub_01: Could not receive anything.
parmake_sub_01: Listening for job
parmake_sub_01: Could not receive anything.
parmake_sub_01: Listening for job
parmake_sub_01: Could not receive anything.
parmake_sub_01: Listening for job
parmake_sub_01: Could not receive anything.
parmake_sub_01: Listening for job
parmake_sub_01: Could not receive anything.
parmake_sub_01: Listening for job
parmake_sub_01: Could not receive anything.
parmake_sub_01: Listening for job
parmake_sub_01: Could not receive anything.
parmake_sub_01: Listening for job
parmake_sub_01: Could not receive anything.
parmake_sub_01: Listening for job
parmake_sub_01: Could not receive anything.
parmake_sub_01: Listening for job
parmake_sub_01: Could not receive anything.
parmake_sub_01: Listening for job
parmake_sub_01: Could not receive anything.
parmake_sub_01: Listening for job
parmake_sub_01: Could not receive anything.
parmake_sub_01: Listening for job
parmake_sub_01: Could not receive anything.
parmake_sub_01: Listening for job
parmake_sub_01: Could not receive anything.
parmake_sub_01: Listening for job
parmake_sub_01: Could not receive anything.
parmake_sub_01: Listening for job
parmake_sub_01: Could not receive anything.
parmake_sub_01: Listening for job
parmake_sub_01: Could not receive anything.
parmake_sub_01: Listening for job
parmake_sub_01: Could not receive anything.
parmake_sub_01: Listening for job
parmake_sub_01: Could not receive anything.
parmake_sub_01: Listening for job
parmake_sub_01: Could not receive anything.
parmake_sub_01: Listening for job
parmake_sub_01: Could not receive anything.
parmake_sub_01: Listening for job
parmake_sub_01: Could not receive anything.
parmake_sub_01: Listening for job
parmake_sub_01: Could not receive anything.
parmake_sub_01: Listening for job
parmake_sub_01: Could not receive anything.
parmake_sub_01: Listening for job
parmake_sub_01: Could not receive anything.
parmake_sub_01: Listening for job
parmake_sub_01: Could not receive anything.
parmake_sub_01: Listening for job
parmake_sub_01: Could not receive anything.
parmake_sub_01: Listening for job
parmake_sub_01: Could not receive anything.
parmake_sub_01: Listening for job
parmake_sub_01: Could not receive anything.
parmake_sub_01: Listening for job
parmake_sub_01: Could not receive anything.
parmake_sub_01: Listening for job
parmake_sub_01: Could not receive anything.
parmake_sub_01: Listening for job
parmake_sub_01: Could not receive anything.
parmake_sub_01: Listening for job
parmake_sub_01: Could not receive anything.
parmake_sub_01: Listening for job
parmake_sub_01: Could not receive anything.
parmake_sub_01: Listening for job
parmake_sub_01: Could not receive anything.
parmake_sub_01: Listening for job
parmake_sub_01: Could not receive anything.
parmake_sub_01: Listening for job
parmake_sub_01: Could not receive anything.
parmake_sub_01: Listening for job
parmake_sub_01: Could not receive anything.
parmake_sub_01: Listening for job
parmake_sub_01: Could not receive anything.
parmake_sub_01: Listening for job
parmake_sub_01: Could not receive anything.
parmake_sub_01: Listening for job
parmake_sub_01: Could not receive anything.
parmake_sub_01: Listening for job
parmake_sub_01: Could not receive anything.
parmake_sub_01: Listening for job
parmake_sub_01: Could not receive anything.
parmake_sub_01: Listening for job
parmake_sub_01: Could not receive anything.
parmake_sub_01: Listening for job
parmake_sub_01: Could not receive anything.
parmake_sub_01: Listening for job
parmake_sub_01: Could not receive anything.
parmake_sub_01: Listening for job
parmake_sub_01: Could not receive anything.
parmake_sub_01: Listening for job
parmake_sub_01: Could not receive anything.
parmake_sub_01: Listening for job
parmake_sub_01: Could not receive anything.
parmake_sub_01: Listening for job
parmake_sub_01: Could not receive anything.
parmake_sub_01: Listening for job
parmake_sub_01: Could not receive anything.
parmake_sub_01: Listening for job
parmake_sub_01: Could not receive anything.
parmake_sub_01: Listening for job
parmake_sub_01: Could not receive anything.
parmake_sub_01: Listening for job
parmake_sub_01: Could not receive anything.
parmake_sub_01: Listening for job
parmake_sub_01: Could not receive anything.
parmake_sub_01: Listening for job
parmake_sub_01: Could not receive anything.
parmake_sub_01: Listening for job
parmake_sub_01: Could not receive anything.
parmake_sub_01: Listening for job
parmake_sub_01: Could not receive anything.
parmake_sub_01: Listening for job
parmake_sub_01: Could not receive anything.
parmake_sub_01: Listening for job
parmake_sub_01: Could not receive anything.
parmake_sub_01: Listening for job
parmake_sub_01: Could not receive anything.
parmake_sub_01: Listening for job
parmake_sub_01: Could not receive anything.
parmake_sub_01: Listening for job
parmake_sub_01: Could not receive anything.
parmake_sub_01: Listening for job
parmake_sub_01: Could not receive anything.
parmake_sub_01: Listening for job
parmake_sub_01: Could not receive anything.
parmake_sub_01: Listening for job
parmake_sub_01: Could not receive anything.
parmake_sub_01: Listening for job
parmake_sub_01: Could not receive anything.
parmake_sub_01: Listening for job
parmake_sub_01: Could not receive anything.
parmake_sub_01: Listening for job
parmake_sub_01: Could not receive anything.
parmake_sub_01: Listening for job
parmake_sub_01: Could not receive anything.
parmake_sub_01: Listening for job
parmake_sub_01: Could not receive anything.
parmake_sub_01: Listening for job
parmake_sub_01: Could not receive anything.
parmake_sub_01: Listening for job
parmake_sub_01: Could not receive anything.
parmake_sub_01: Listening for job
parmake_sub_01: Could not receive anything.
parmake_sub_01: Listening for job
parmake_sub_01: Could not receive anything.
parmake_sub_01: Listening for job
parmake_sub_01: Could not receive anything.
parmake_sub_01: Listening for job
parmake_sub_01: Could not receive anything.
parmake_sub_01: Listening for job
parmake_sub_01: Received EXIT_TOKEN.
parmake_sub_01: saving coverage
parmake_sub_01: saved coverage
parmake_sub_01: clean exit.
