first.
Event(job-defined, {'job_id': 'exercise1-0-wrap_exercise1'})
Event(job-defined, {'job_id': 'exercise1-0-exercise1_report'})
Event(job-defined, {'job_id': '_dynreports_create_index'})
Event(command-line-starting, {'command': 'rparmake'})
Event(command-starting, {'command': 'rparmake'})
Event(parmake-status, {'status': 'Obtaining job list'})
Event(parmake-status, {'status': 'Starting multiprocessing manager (forking)'})
Event(parmake-status, {'status': 'Adding 2 targets.'})
Event(parmake-status, {'status': 'Processing'})
Event(manager-phase, {'phase': 'init'})
Event(manager-phase, {'phase': 'loop'})
Event(manager-progress, {'targets': {'exercise1-0-exercise1_report', '_dynreports_create_index'}, 'done': set(), 'all_targets': {'exercise1-0-wrap_exercise1', 'exercise1-0-exercise1_report', '_dynreports_create_index'}, 'todo': {'exercise1-0-exercise1_report'}, 'blocked': set(), 'failed': set(), 'ready': {'exercise1-0-wrap_exercise1', '_dynreports_create_index'}, 'processing': set(), 'deleted': set()})
Event(ui-status-summary, {'string': " compmake             <'((<   0 proc.             cpu 28% mem  9% 2 ready 1 todo"})
Event(manager-job-processing, {'job_id': '_dynreports_create_index'})
Event(ui-message, {'string': '⚙ processing _dynreports_create_index'})
Event(worker-status, {'job_id': '_dynreports_create_index', 'status': 'apply_async'})
Event(manager-progress, {'targets': {'exercise1-0-exercise1_report', '_dynreports_create_index'}, 'done': set(), 'all_targets': {'exercise1-0-wrap_exercise1', 'exercise1-0-exercise1_report', '_dynreports_create_index'}, 'todo': {'exercise1-0-exercise1_report'}, 'blocked': set(), 'failed': set(), 'ready': {'exercise1-0-wrap_exercise1'}, 'processing': {'_dynreports_create_index'}, 'deleted': set()})
Event(manager-job-processing, {'job_id': 'exercise1-0-wrap_exercise1'})
Event(ui-message, {'string': '⚙ processing exercise1-0-wrap_exercise1'})
Event(worker-status, {'job_id': 'exercise1-0-wrap_exercise1', 'status': 'apply_async'})
Event(manager-progress, {'targets': {'exercise1-0-exercise1_report', '_dynreports_create_index'}, 'done': set(), 'all_targets': {'exercise1-0-wrap_exercise1', 'exercise1-0-exercise1_report', '_dynreports_create_index'}, 'todo': {'exercise1-0-exercise1_report'}, 'blocked': set(), 'failed': set(), 'ready': set(), 'processing': {'exercise1-0-wrap_exercise1', '_dynreports_create_index'}, 'deleted': set()})
Event(manager-wait, {'reasons': {'jobs': 'no jobs ready'}})
Event(manager-loop, {'processing': ['exercise1-0-wrap_exercise1', '_dynreports_create_index']})
Event(worker-status, {'job_id': 'exercise1-0-wrap_exercise1', 'status': 'started', 'remote': True})
Event(worker-status, {'job_id': '_dynreports_create_index', 'status': 'started', 'remote': True})
Event(worker-status, {'job_id': '_dynreports_create_index', 'status': 'connected', 'remote': True})
Event(worker-status, {'job_id': 'exercise1-0-wrap_exercise1', 'status': 'connected', 'remote': True})
Event(job-progress-plus, {'job_id': '_dynreports_create_index', 'host': 'hostname', 'stack': [], 'remote': True})
Event(ui-status-summary, {'string': " compmake            <'((<   (wait: no jobs ready) cpu 18% mem  9% 2 proc 1 todo"})
Event(job-progress-plus, {'job_id': 'exercise1-0-wrap_exercise1', 'host': 'hostname', 'stack': [], 'remote': True})
Event(ui-status-summary, {'string': " compmake            <'((<   (wait: no jobs ready) cpu 18% mem  9% 2 proc 1 todo"})
Event(worker-status, {'job_id': 'exercise1-0-wrap_exercise1', 'status': 'ended', 'remote': True})
Event(worker-status, {'job_id': 'exercise1-0-wrap_exercise1', 'status': 'cleanup', 'remote': True})
Event(job-defined, {'job_id': 'exercise1-0-exercise1_report-write', 'remote': True})
Event(worker-status, {'job_id': '_dynreports_create_index', 'status': 'ended', 'remote': True})
Event(worker-status, {'job_id': '_dynreports_create_index', 'status': 'cleanup', 'remote': True})
Event(manager-job-done, {'job_id': 'exercise1-0-wrap_exercise1'})
Event(ui-message, {'string': '✔       done exercise1-0-wrap_exercise1'})
Event(manager-job-ready, {'job_id': 'exercise1-0-exercise1_report'})
Event(ui-message, {'string': '⛦      ready exercise1-0-exercise1_report'})
Event(manager-progress, {'targets': {'exercise1-0-exercise1_report', '_dynreports_create_index'}, 'done': {'exercise1-0-wrap_exercise1'}, 'all_targets': {'exercise1-0-wrap_exercise1', 'exercise1-0-exercise1_report', '_dynreports_create_index'}, 'todo': set(), 'blocked': set(), 'failed': set(), 'ready': {'exercise1-0-exercise1_report'}, 'processing': {'_dynreports_create_index'}, 'deleted': set()})
Event(manager-progress, {'targets': {'exercise1-0-exercise1_report', '_dynreports_create_index'}, 'done': {'exercise1-0-wrap_exercise1'}, 'all_targets': {'exercise1-0-wrap_exercise1', 'exercise1-0-exercise1_report', '_dynreports_create_index'}, 'todo': set(), 'blocked': set(), 'failed': set(), 'ready': {'exercise1-0-exercise1_report'}, 'processing': {'_dynreports_create_index'}, 'deleted': set()})
Event(manager-job-processing, {'job_id': 'exercise1-0-exercise1_report'})
Event(ui-message, {'string': '⚙ processing exercise1-0-exercise1_report'})
Event(worker-status, {'job_id': 'exercise1-0-exercise1_report', 'status': 'apply_async'})
Event(manager-progress, {'targets': {'exercise1-0-exercise1_report', '_dynreports_create_index'}, 'done': {'exercise1-0-wrap_exercise1'}, 'all_targets': {'exercise1-0-wrap_exercise1', 'exercise1-0-exercise1_report', '_dynreports_create_index'}, 'todo': set(), 'blocked': set(), 'failed': set(), 'ready': set(), 'processing': {'exercise1-0-exercise1_report', '_dynreports_create_index'}, 'deleted': set()})
Event(manager-wait, {'reasons': {'jobs': 'no jobs ready'}})
Event(manager-job-done, {'job_id': '_dynreports_create_index'})
Event(ui-message, {'string': '✔       done _dynreports_create_index'})
Event(manager-progress, {'targets': {'exercise1-0-exercise1_report', '_dynreports_create_index'}, 'done': {'exercise1-0-wrap_exercise1', '_dynreports_create_index'}, 'all_targets': {'exercise1-0-wrap_exercise1', 'exercise1-0-exercise1_report', '_dynreports_create_index'}, 'todo': set(), 'blocked': set(), 'failed': set(), 'ready': set(), 'processing': {'exercise1-0-exercise1_report'}, 'deleted': set()})
Event(manager-progress, {'targets': {'exercise1-0-exercise1_report-write', 'exercise1-0-exercise1_report', '_dynreports_create_index'}, 'done': {'exercise1-0-wrap_exercise1', '_dynreports_create_index'}, 'all_targets': {'exercise1-0-exercise1_report-write', 'exercise1-0-wrap_exercise1', 'exercise1-0-exercise1_report', '_dynreports_create_index'}, 'todo': {'exercise1-0-exercise1_report-write'}, 'blocked': set(), 'failed': set(), 'ready': set(), 'processing': {'exercise1-0-exercise1_report'}, 'deleted': set()})
Event(manager-wait, {'reasons': {'jobs': 'no jobs ready'}})
Event(manager-loop, {'processing': ['exercise1-0-exercise1_report']})
Event(worker-status, {'job_id': 'exercise1-0-exercise1_report', 'status': 'started', 'remote': True})
Event(worker-status, {'job_id': 'exercise1-0-exercise1_report', 'status': 'connected', 'remote': True})
Event(job-progress-plus, {'job_id': 'exercise1-0-exercise1_report', 'host': 'hostname', 'stack': [], 'remote': True})
Event(ui-status-summary, {'string': " compmake            <'((<  exercise1-0-exercise1_report -  2 done 1 proc 1 todo"})
Event(worker-status, {'job_id': 'exercise1-0-exercise1_report', 'status': 'ended', 'remote': True})
Event(worker-status, {'job_id': 'exercise1-0-exercise1_report', 'status': 'cleanup', 'remote': True})
Event(manager-job-done, {'job_id': 'exercise1-0-exercise1_report'})
Event(ui-message, {'string': '✔       done exercise1-0-exercise1_report'})
Event(manager-job-ready, {'job_id': 'exercise1-0-exercise1_report-write'})
Event(ui-message, {'string': '⛦      ready exercise1-0-exercise1_report-write'})
Event(manager-progress, {'targets': {'exercise1-0-exercise1_report-write', 'exercise1-0-exercise1_report', '_dynreports_create_index'}, 'done': {'exercise1-0-wrap_exercise1', 'exercise1-0-exercise1_report', '_dynreports_create_index'}, 'all_targets': {'exercise1-0-exercise1_report-write', 'exercise1-0-wrap_exercise1', 'exercise1-0-exercise1_report', '_dynreports_create_index'}, 'todo': set(), 'blocked': set(), 'failed': set(), 'ready': {'exercise1-0-exercise1_report-write'}, 'processing': set(), 'deleted': set()})
Event(manager-progress, {'targets': {'exercise1-0-exercise1_report-write', 'exercise1-0-exercise1_report', '_dynreports_create_index'}, 'done': {'exercise1-0-wrap_exercise1', 'exercise1-0-exercise1_report', '_dynreports_create_index'}, 'all_targets': {'exercise1-0-exercise1_report-write', 'exercise1-0-wrap_exercise1', 'exercise1-0-exercise1_report', '_dynreports_create_index'}, 'todo': set(), 'blocked': set(), 'failed': set(), 'ready': {'exercise1-0-exercise1_report-write'}, 'processing': set(), 'deleted': set()})
Event(manager-job-processing, {'job_id': 'exercise1-0-exercise1_report-write'})
Event(ui-message, {'string': '⚙ processing exercise1-0-exercise1_report-write'})
Event(worker-status, {'job_id': 'exercise1-0-exercise1_report-write', 'status': 'apply_async'})
Event(manager-progress, {'targets': {'exercise1-0-exercise1_report-write', 'exercise1-0-exercise1_report', '_dynreports_create_index'}, 'done': {'exercise1-0-wrap_exercise1', 'exercise1-0-exercise1_report', '_dynreports_create_index'}, 'all_targets': {'exercise1-0-exercise1_report-write', 'exercise1-0-wrap_exercise1', 'exercise1-0-exercise1_report', '_dynreports_create_index'}, 'todo': set(), 'blocked': set(), 'failed': set(), 'ready': set(), 'processing': {'exercise1-0-exercise1_report-write'}, 'deleted': set()})
Event(manager-wait, {'reasons': {'jobs': 'no jobs ready'}})
Event(manager-loop, {'processing': ['exercise1-0-exercise1_report-write']})
Event(worker-status, {'job_id': 'exercise1-0-exercise1_report-write', 'status': 'started', 'remote': True})
Event(worker-status, {'job_id': 'exercise1-0-exercise1_report-write', 'status': 'connected', 'remote': True})
Event(job-progress-plus, {'job_id': 'exercise1-0-exercise1_report-write', 'host': 'hostname', 'stack': [], 'remote': True})
Event(ui-status-summary, {'string': " compmake           <'((<    (wait: no jobs ready) cpu 13% mem  9% 3 done 1 proc"})
Event(job-stdout, {'job_id': 'exercise1-0-exercise1_report-write', 'lines': [], 'remote': True})
Event(ui-status-summary, {'string': " compmake           <'((<    (wait: no jobs ready) cpu 13% mem  9% 3 done 1 proc"})
Event(job-stdout, {'job_id': 'exercise1-0-exercise1_report-write', 'lines': ['  quickapp|report_manager.py:468  - write_report   | Writing to /out-docker/exercise1/report/PDM4AR/PDM4AR-exercise1-0.html '], 'remote': True})
Event(ui-status-summary, {'string': " compmake           <'((<    (wait: no jobs ready) cpu 13% mem  9% 3 done 1 proc"})
Event(worker-status, {'job_id': 'exercise1-0-exercise1_report-write', 'status': 'ended', 'remote': True})
Event(worker-status, {'job_id': 'exercise1-0-exercise1_report-write', 'status': 'cleanup', 'remote': True})
Event(manager-job-done, {'job_id': 'exercise1-0-exercise1_report-write'})
Event(ui-message, {'string': '✔       done exercise1-0-exercise1_report-write'})
Event(manager-progress, {'targets': {'exercise1-0-exercise1_report-write', 'exercise1-0-exercise1_report', '_dynreports_create_index'}, 'done': {'exercise1-0-exercise1_report-write', 'exercise1-0-wrap_exercise1', 'exercise1-0-exercise1_report', '_dynreports_create_index'}, 'all_targets': {'exercise1-0-exercise1_report-write', 'exercise1-0-wrap_exercise1', 'exercise1-0-exercise1_report', '_dynreports_create_index'}, 'todo': set(), 'blocked': set(), 'failed': set(), 'ready': set(), 'processing': set(), 'deleted': set()})
Event(ui-status-summary, {'string': " compmake           <'((<   ...     (wait: no jobs ready) cpu 13% mem  9% 4 done"})
Event(manager-progress, {'targets': {'exercise1-0-exercise1_report-write', 'exercise1-0-exercise1_report', '_dynreports_create_index'}, 'done': {'exercise1-0-exercise1_report-write', 'exercise1-0-wrap_exercise1', 'exercise1-0-exercise1_report', '_dynreports_create_index'}, 'all_targets': {'exercise1-0-exercise1_report-write', 'exercise1-0-wrap_exercise1', 'exercise1-0-exercise1_report', '_dynreports_create_index'}, 'todo': set(), 'blocked': set(), 'failed': set(), 'ready': set(), 'processing': set(), 'deleted': set()})
Event(manager-succeeded, {'nothing_to_do': False, 'targets': {'exercise1-0-exercise1_report-write', 'exercise1-0-exercise1_report', '_dynreports_create_index'}, 'done': {'exercise1-0-exercise1_report-write', 'exercise1-0-wrap_exercise1', 'exercise1-0-exercise1_report', '_dynreports_create_index'}, 'all_targets': {'exercise1-0-exercise1_report-write', 'exercise1-0-wrap_exercise1', 'exercise1-0-exercise1_report', '_dynreports_create_index'}, 'todo': set(), 'failed': set(), 'ready': set(), 'blocked': set(), 'processing': set()})
Event(ui-message, {'string': 'Processed 4 jobs (4 done).'})
Event(command-line-succeeded, {'command': 'rparmake'})
